[2015-03-29 13:08:36,263][DEBUG] SetDirs(C:/Users/Erik/Documents/BloodBowl2,Data)
[2015-03-29 13:08:48,460][INFO] Embedded Message Service LocalGameServer-1 Starting
[2015-03-29 13:08:48,461][INFO] Started looping call :GameUpdater
[2015-03-29 13:08:48,461][INFO] Started looping call :ClientKeepAlive
[2015-03-29 13:08:48,461][INFO] Server Started
[2015-03-29 13:08:48,461][INFO] EmbeddedServerScheduler.RegisterService(LocalGameServer-1) 
[2015-03-29 13:08:48,709][INFO] Using CythonAStar
[2015-03-29 13:08:49,624][INFO] Loaded Dwarf
[2015-03-29 13:08:49,641][INFO] Loaded Orc
[2015-03-29 13:08:49,861][INFO] Loaded CampaignMatch1
[2015-03-29 13:08:49,861][INFO] Loaded CampaignMatch10
[2015-03-29 13:08:49,861][INFO] Loaded CampaignMatch11
[2015-03-29 13:08:49,861][INFO] Loaded CampaignMatch12
[2015-03-29 13:08:49,861][INFO] Loaded CampaignMatch13
[2015-03-29 13:08:49,862][INFO] Loaded CampaignMatch14
[2015-03-29 13:08:49,862][INFO] Loaded CampaignMatch15
[2015-03-29 13:08:49,862][INFO] Loaded CampaignMatch2
[2015-03-29 13:08:49,862][INFO] Loaded CampaignMatch3
[2015-03-29 13:08:49,864][INFO] Loaded CampaignMatch4
[2015-03-29 13:08:49,864][INFO] Loaded CampaignMatch5
[2015-03-29 13:08:49,864][INFO] Loaded CampaignMatch6
[2015-03-29 13:08:49,864][INFO] Loaded CampaignMatch7
[2015-03-29 13:08:49,865][INFO] Loaded CampaignMatch8
[2015-03-29 13:08:49,865][INFO] Loaded CampaignMatch9
[2015-03-29 13:08:49,868][INFO] Loaded Skaven
[2015-03-29 13:08:49,871][INFO] Loaded Human
[2015-03-29 13:08:49,875][INFO] Loaded Bretonnia
[2015-03-29 13:08:49,878][INFO] Loaded Chaos
[2015-03-29 13:08:49,881][INFO] Loaded HighElf
[2015-03-29 13:08:49,882][INFO] Loaded DarkElf
[2015-03-29 13:08:49,884][INFO] Embedded Message Service AILocalServer Starting
[2015-03-29 13:08:49,884][INFO] Started looping call :ClientKeepAlive
[2015-03-29 13:08:49,884][INFO] Started looping call :AIUpdater
[2015-03-29 13:08:49,884][INFO] Server Started
[2015-03-29 13:08:49,884][INFO] EmbeddedServerScheduler.RegisterService(AILocalServer) 
[2015-03-29 13:08:49,884][DEBUG] Check/Create User Profile - Login : Elender
[2015-03-29 13:08:49,936][DEBUG] >>> COMPUTE MD5S
[2015-03-29 13:08:50,005][DEBUG] >>> HASH Achievements.json 540e4ca143107e1286ed48053cec66b2
[2015-03-29 13:08:50,029][DEBUG] >>> HASH Config.json 2a3b91d44c4bdc18a3510464f3385663
[2015-03-29 13:08:50,242][DEBUG] >>> HASH Locas.json a06df615e6b5dd64faa56d7f8ab0ea06
[2015-03-29 13:08:50,259][DEBUG] >>> HASH OfficialLeagues.json fc35fc3ad7b118095e89056096cc5812
[2015-03-29 13:08:50,282][DEBUG] >>> HASH OfficialSoloLeagues.json a31835b1566fd96039201bdbe0d5a7db
[2015-03-29 13:08:50,400][DEBUG] >>> HASH PredefinedTeams.json 2d62b8478ebf170eaee400d296a09f12
[2015-03-29 13:08:50,680][DEBUG] >>> HASH Rules.json 45c794e4c46b8c214a9ba0be3840f34a
[2015-03-29 13:08:50,691][DEBUG] >>> HASH RulesSchema.json 20714d4bfe3cd1aa6227bdbc25a7efd3
[2015-03-29 13:08:50,713][DEBUG] >>> HASH ShopData.json d11c12d1bb61b2faabd02391ad293e88
[2015-03-29 13:08:50,714][DEBUG] Updating profile Elender
[2015-03-29 13:08:50,714][DEBUG] UpdateManagementDb C:/Users/Erik/Documents/BloodBowl2/Profiles/Elender/ManagementLocal/ManagementOnline_Beta.db
[2015-03-29 13:08:50,714][DEBUG] UpdateDbFile(C:/Users/Erik/Documents/BloodBowl2/Profiles/Elender/ManagementLocal/ManagementOnline_Beta.db) for Elender
[2015-03-29 13:08:50,874][DEBUG] [DB-PATCH] C:/Users/Erik/Documents/BloodBowl2/Profiles/Elender/ManagementLocal/ManagementOnline_Beta.db : 0.0.2.7 to 0.0.2.7
[2015-03-29 13:08:50,878][DEBUG] Read DataLoaded entry in config table {u'PredefinedTeams.json': u'2d62b8478ebf170eaee400d296a09f12', u'Rules.json': u'45c794e4c46b8c214a9ba0be3840f34a', u'RulesSchema.json': u'20714d4bfe3cd1aa6227bdbc25a7efd3', u'Achievements.json': u'540e4ca143107e1286ed48053cec66b2', u'Locas.json': u'a06df615e6b5dd64faa56d7f8ab0ea06', u'OfficialLeagues.json': u'fc35fc3ad7b118095e89056096cc5812', u'Config.json': u'2a3b91d44c4bdc18a3510464f3385663'}
[2015-03-29 13:08:50,878][DEBUG] >>> GET HASH Config.json
[2015-03-29 13:08:50,878][DEBUG] Config.json already loaded : 2a3b91d44c4bdc18a3510464f3385663 - 2a3b91d44c4bdc18a3510464f3385663
[2015-03-29 13:08:50,878][DEBUG] File Config.json Already Loaded
[2015-03-29 13:08:50,878][DEBUG] Read DataLoaded entry in config table {u'PredefinedTeams.json': u'2d62b8478ebf170eaee400d296a09f12', u'Rules.json': u'45c794e4c46b8c214a9ba0be3840f34a', u'RulesSchema.json': u'20714d4bfe3cd1aa6227bdbc25a7efd3', u'Achievements.json': u'540e4ca143107e1286ed48053cec66b2', u'Locas.json': u'a06df615e6b5dd64faa56d7f8ab0ea06', u'OfficialLeagues.json': u'fc35fc3ad7b118095e89056096cc5812', u'Config.json': u'2a3b91d44c4bdc18a3510464f3385663'}
[2015-03-29 13:08:50,878][DEBUG] >>> GET HASH OfficialLeagues.json
[2015-03-29 13:08:50,878][DEBUG] OfficialLeagues.json already loaded : fc35fc3ad7b118095e89056096cc5812 - fc35fc3ad7b118095e89056096cc5812
[2015-03-29 13:08:50,878][DEBUG] File OfficialLeagues.json Already Loaded
[2015-03-29 13:08:50,878][DEBUG] Read DataLoaded entry in config table {u'PredefinedTeams.json': u'2d62b8478ebf170eaee400d296a09f12', u'Rules.json': u'45c794e4c46b8c214a9ba0be3840f34a', u'RulesSchema.json': u'20714d4bfe3cd1aa6227bdbc25a7efd3', u'Achievements.json': u'540e4ca143107e1286ed48053cec66b2', u'Locas.json': u'a06df615e6b5dd64faa56d7f8ab0ea06', u'OfficialLeagues.json': u'fc35fc3ad7b118095e89056096cc5812', u'Config.json': u'2a3b91d44c4bdc18a3510464f3385663'}
[2015-03-29 13:08:50,880][DEBUG] >>> GET HASH PredefinedTeams.json
[2015-03-29 13:08:50,880][DEBUG] PredefinedTeams.json already loaded : 2d62b8478ebf170eaee400d296a09f12 - 2d62b8478ebf170eaee400d296a09f12
[2015-03-29 13:08:50,880][DEBUG] File PredefinedTeams.json Already Loaded
[2015-03-29 13:08:50,880][DEBUG] Read DataLoaded entry in config table {u'PredefinedTeams.json': u'2d62b8478ebf170eaee400d296a09f12', u'Rules.json': u'45c794e4c46b8c214a9ba0be3840f34a', u'RulesSchema.json': u'20714d4bfe3cd1aa6227bdbc25a7efd3', u'Achievements.json': u'540e4ca143107e1286ed48053cec66b2', u'Locas.json': u'a06df615e6b5dd64faa56d7f8ab0ea06', u'OfficialLeagues.json': u'fc35fc3ad7b118095e89056096cc5812', u'Config.json': u'2a3b91d44c4bdc18a3510464f3385663'}
[2015-03-29 13:08:50,880][DEBUG] >>> GET HASH RulesSchema.json
[2015-03-29 13:08:50,880][DEBUG] RulesSchema.json already loaded : 20714d4bfe3cd1aa6227bdbc25a7efd3 - 20714d4bfe3cd1aa6227bdbc25a7efd3
[2015-03-29 13:08:50,880][DEBUG] Read DataLoaded entry in config table {u'PredefinedTeams.json': u'2d62b8478ebf170eaee400d296a09f12', u'Rules.json': u'45c794e4c46b8c214a9ba0be3840f34a', u'RulesSchema.json': u'20714d4bfe3cd1aa6227bdbc25a7efd3', u'Achievements.json': u'540e4ca143107e1286ed48053cec66b2', u'Locas.json': u'a06df615e6b5dd64faa56d7f8ab0ea06', u'OfficialLeagues.json': u'fc35fc3ad7b118095e89056096cc5812', u'Config.json': u'2a3b91d44c4bdc18a3510464f3385663'}
[2015-03-29 13:08:50,881][DEBUG] >>> GET HASH Rules.json
[2015-03-29 13:08:50,881][DEBUG] Rules.json already loaded : 45c794e4c46b8c214a9ba0be3840f34a - 45c794e4c46b8c214a9ba0be3840f34a
[2015-03-29 13:08:50,881][DEBUG] File Rules.json Already Loaded
[2015-03-29 13:08:50,881][DEBUG] Read DataLoaded entry in config table {u'PredefinedTeams.json': u'2d62b8478ebf170eaee400d296a09f12', u'Rules.json': u'45c794e4c46b8c214a9ba0be3840f34a', u'RulesSchema.json': u'20714d4bfe3cd1aa6227bdbc25a7efd3', u'Achievements.json': u'540e4ca143107e1286ed48053cec66b2', u'Locas.json': u'a06df615e6b5dd64faa56d7f8ab0ea06', u'OfficialLeagues.json': u'fc35fc3ad7b118095e89056096cc5812', u'Config.json': u'2a3b91d44c4bdc18a3510464f3385663'}
[2015-03-29 13:08:50,881][DEBUG] >>> GET HASH Locas.json
[2015-03-29 13:08:50,881][DEBUG] Locas.json already loaded : a06df615e6b5dd64faa56d7f8ab0ea06 - a06df615e6b5dd64faa56d7f8ab0ea06
[2015-03-29 13:08:50,881][DEBUG] File Locas.json Already Loaded
[2015-03-29 13:08:50,881][DEBUG] Read DataLoaded entry in config table {u'PredefinedTeams.json': u'2d62b8478ebf170eaee400d296a09f12', u'Rules.json': u'45c794e4c46b8c214a9ba0be3840f34a', u'RulesSchema.json': u'20714d4bfe3cd1aa6227bdbc25a7efd3', u'Achievements.json': u'540e4ca143107e1286ed48053cec66b2', u'Locas.json': u'a06df615e6b5dd64faa56d7f8ab0ea06', u'OfficialLeagues.json': u'fc35fc3ad7b118095e89056096cc5812', u'Config.json': u'2a3b91d44c4bdc18a3510464f3385663'}
[2015-03-29 13:08:50,881][DEBUG] >>> GET HASH Achievements.json
[2015-03-29 13:08:50,881][DEBUG] Achievements.json already loaded : 540e4ca143107e1286ed48053cec66b2 - 540e4ca143107e1286ed48053cec66b2
[2015-03-29 13:08:50,881][DEBUG] File Achievements.json Already Loaded
[2015-03-29 13:08:50,882][DEBUG] UpdateManagementDb C:/Users/Erik/Documents/BloodBowl2/Campaign/Campaign.db
[2015-03-29 13:08:50,882][DEBUG] UpdateDbFile(C:/Users/Erik/Documents/BloodBowl2/Campaign/Campaign.db) for Elender
[2015-03-29 13:08:50,976][DEBUG] [DB-PATCH] C:/Users/Erik/Documents/BloodBowl2/Campaign/Campaign.db : 0.0.2.7 to 0.0.2.7
[2015-03-29 13:08:50,980][DEBUG] Read DataLoaded entry in config table {u'PredefinedTeams.json': u'2d62b8478ebf170eaee400d296a09f12', u'Rules.json': u'45c794e4c46b8c214a9ba0be3840f34a', u'RulesSchema.json': u'20714d4bfe3cd1aa6227bdbc25a7efd3', u'Achievements.json': u'540e4ca143107e1286ed48053cec66b2', u'Locas.json': u'a06df615e6b5dd64faa56d7f8ab0ea06', u'OfficialLeagues.json': u'fc35fc3ad7b118095e89056096cc5812', u'Config.json': u'2a3b91d44c4bdc18a3510464f3385663'}
[2015-03-29 13:08:50,980][DEBUG] >>> GET HASH Config.json
[2015-03-29 13:08:50,980][DEBUG] Config.json already loaded : 2a3b91d44c4bdc18a3510464f3385663 - 2a3b91d44c4bdc18a3510464f3385663
[2015-03-29 13:08:50,980][DEBUG] File Config.json Already Loaded
[2015-03-29 13:08:50,980][DEBUG] Read DataLoaded entry in config table {u'PredefinedTeams.json': u'2d62b8478ebf170eaee400d296a09f12', u'Rules.json': u'45c794e4c46b8c214a9ba0be3840f34a', u'RulesSchema.json': u'20714d4bfe3cd1aa6227bdbc25a7efd3', u'Achievements.json': u'540e4ca143107e1286ed48053cec66b2', u'Locas.json': u'a06df615e6b5dd64faa56d7f8ab0ea06', u'OfficialLeagues.json': u'fc35fc3ad7b118095e89056096cc5812', u'Config.json': u'2a3b91d44c4bdc18a3510464f3385663'}
[2015-03-29 13:08:50,980][DEBUG] >>> GET HASH OfficialLeagues.json
[2015-03-29 13:08:50,980][DEBUG] OfficialLeagues.json already loaded : fc35fc3ad7b118095e89056096cc5812 - fc35fc3ad7b118095e89056096cc5812
[2015-03-29 13:08:50,980][DEBUG] File OfficialLeagues.json Already Loaded
[2015-03-29 13:08:50,980][DEBUG] Read DataLoaded entry in config table {u'PredefinedTeams.json': u'2d62b8478ebf170eaee400d296a09f12', u'Rules.json': u'45c794e4c46b8c214a9ba0be3840f34a', u'RulesSchema.json': u'20714d4bfe3cd1aa6227bdbc25a7efd3', u'Achievements.json': u'540e4ca143107e1286ed48053cec66b2', u'Locas.json': u'a06df615e6b5dd64faa56d7f8ab0ea06', u'OfficialLeagues.json': u'fc35fc3ad7b118095e89056096cc5812', u'Config.json': u'2a3b91d44c4bdc18a3510464f3385663'}
[2015-03-29 13:08:50,980][DEBUG] >>> GET HASH PredefinedTeams.json
[2015-03-29 13:08:50,980][DEBUG] PredefinedTeams.json already loaded : 2d62b8478ebf170eaee400d296a09f12 - 2d62b8478ebf170eaee400d296a09f12
[2015-03-29 13:08:50,980][DEBUG] File PredefinedTeams.json Already Loaded
[2015-03-29 13:08:50,980][DEBUG] Read DataLoaded entry in config table {u'PredefinedTeams.json': u'2d62b8478ebf170eaee400d296a09f12', u'Rules.json': u'45c794e4c46b8c214a9ba0be3840f34a', u'RulesSchema.json': u'20714d4bfe3cd1aa6227bdbc25a7efd3', u'Achievements.json': u'540e4ca143107e1286ed48053cec66b2', u'Locas.json': u'a06df615e6b5dd64faa56d7f8ab0ea06', u'OfficialLeagues.json': u'fc35fc3ad7b118095e89056096cc5812', u'Config.json': u'2a3b91d44c4bdc18a3510464f3385663'}
[2015-03-29 13:08:50,980][DEBUG] >>> GET HASH RulesSchema.json
[2015-03-29 13:08:50,980][DEBUG] RulesSchema.json already loaded : 20714d4bfe3cd1aa6227bdbc25a7efd3 - 20714d4bfe3cd1aa6227bdbc25a7efd3
[2015-03-29 13:08:50,980][DEBUG] Read DataLoaded entry in config table {u'PredefinedTeams.json': u'2d62b8478ebf170eaee400d296a09f12', u'Rules.json': u'45c794e4c46b8c214a9ba0be3840f34a', u'RulesSchema.json': u'20714d4bfe3cd1aa6227bdbc25a7efd3', u'Achievements.json': u'540e4ca143107e1286ed48053cec66b2', u'Locas.json': u'a06df615e6b5dd64faa56d7f8ab0ea06', u'OfficialLeagues.json': u'fc35fc3ad7b118095e89056096cc5812', u'Config.json': u'2a3b91d44c4bdc18a3510464f3385663'}
[2015-03-29 13:08:50,982][DEBUG] >>> GET HASH Rules.json
[2015-03-29 13:08:50,982][DEBUG] Rules.json already loaded : 45c794e4c46b8c214a9ba0be3840f34a - 45c794e4c46b8c214a9ba0be3840f34a
[2015-03-29 13:08:50,982][DEBUG] File Rules.json Already Loaded
[2015-03-29 13:08:50,982][DEBUG] Read DataLoaded entry in config table {u'PredefinedTeams.json': u'2d62b8478ebf170eaee400d296a09f12', u'Rules.json': u'45c794e4c46b8c214a9ba0be3840f34a', u'RulesSchema.json': u'20714d4bfe3cd1aa6227bdbc25a7efd3', u'Achievements.json': u'540e4ca143107e1286ed48053cec66b2', u'Locas.json': u'a06df615e6b5dd64faa56d7f8ab0ea06', u'OfficialLeagues.json': u'fc35fc3ad7b118095e89056096cc5812', u'Config.json': u'2a3b91d44c4bdc18a3510464f3385663'}
[2015-03-29 13:08:50,982][DEBUG] >>> GET HASH Locas.json
[2015-03-29 13:08:50,982][DEBUG] Locas.json already loaded : a06df615e6b5dd64faa56d7f8ab0ea06 - a06df615e6b5dd64faa56d7f8ab0ea06
[2015-03-29 13:08:50,982][DEBUG] File Locas.json Already Loaded
[2015-03-29 13:08:50,983][DEBUG] Read DataLoaded entry in config table {u'PredefinedTeams.json': u'2d62b8478ebf170eaee400d296a09f12', u'Rules.json': u'45c794e4c46b8c214a9ba0be3840f34a', u'RulesSchema.json': u'20714d4bfe3cd1aa6227bdbc25a7efd3', u'Achievements.json': u'540e4ca143107e1286ed48053cec66b2', u'Locas.json': u'a06df615e6b5dd64faa56d7f8ab0ea06', u'OfficialLeagues.json': u'fc35fc3ad7b118095e89056096cc5812', u'Config.json': u'2a3b91d44c4bdc18a3510464f3385663'}
[2015-03-29 13:08:50,983][DEBUG] >>> GET HASH Achievements.json
[2015-03-29 13:08:50,983][DEBUG] Achievements.json already loaded : 540e4ca143107e1286ed48053cec66b2 - 540e4ca143107e1286ed48053cec66b2
[2015-03-29 13:08:50,983][DEBUG] File Achievements.json Already Loaded
[2015-03-29 13:08:50,983][DEBUG] Path : C:/Users/Erik/Documents/BloodBowl2/Profiles/Elender/ManagementLocal/ManagementOnline_Beta.db
[2015-03-29 13:08:50,989][DEBUG] Path : C:/Users/Erik/Documents/BloodBowl2/Campaign/Campaign.db
[2015-03-29 13:08:51,216][INFO] BB-Lobby Messages serialization uses : BBMessages.MessageElementTree2
[2015-03-29 13:08:51,216][INFO] Lobby    Messages serialization uses : Messages.MessageElementTree2
[2015-03-29 13:08:51,217][INFO] DB uses Guid
[2015-03-29 13:08:51,217][INFO] Using DB guid : 62df87f2aa6a9c130fed3fc12537d016
[2015-03-29 13:08:51,437][INFO] Loading : Bretonnia.xml
[2015-03-29 13:08:51,453][INFO] Loading : Chaos.xml
[2015-03-29 13:08:51,470][INFO] Loading : Common.xml
[2015-03-29 13:08:51,489][ERROR] Airoster : File Common.xml No logo element
[2015-03-29 13:08:51,490][ERROR] Airoster : No prebuild team for race : Common
[2015-03-29 13:08:51,490][INFO] Loading : DarkElf.xml
[2015-03-29 13:08:51,500][INFO] Loading : Dwarf.xml
[2015-03-29 13:08:51,513][INFO] Loading : Extra.xml
[2015-03-29 13:08:51,592][ERROR] Airoster : File Extra.xml No logo element
[2015-03-29 13:08:51,594][ERROR] Airoster : No prebuild team for race : Extra
[2015-03-29 13:08:51,595][INFO] Loading : HighElf.xml
[2015-03-29 13:08:51,625][INFO] Loading : Human.xml
[2015-03-29 13:08:51,673][INFO] Loading : Item.xml
[2015-03-29 13:08:51,674][ERROR] Airoster : race not found in DB Item
[2015-03-29 13:08:51,674][INFO] Loading : Neutre.xml
[2015-03-29 13:08:51,713][INFO] Loading : Orc.xml
[2015-03-29 13:08:51,763][INFO] Loading : Skaven.xml
[2015-03-29 13:08:51,792][INFO] Loading : StarPlayer.xml
[2015-03-29 13:08:51,828][ERROR] Airoster : File StarPlayer.xml No logo element
[2015-03-29 13:08:51,829][ERROR] Airoster : No prebuild team for race : StarPlayer
[2015-03-29 13:08:51,926][INFO] PyLobby Starting
[2015-03-29 13:08:51,927][INFO] Started looping call :ParamsUpdater
[2015-03-29 13:08:51,927][INFO] Started looping call :ReloadConfig
[2015-03-29 13:08:51,927][INFO] Started looping call :WatchableGamesUpdater
[2015-03-29 13:08:51,927][INFO] Started looping call :GameServerChecker
[2015-03-29 13:08:51,927][INFO] Started looping call :OnLineUserDisconnecter
[2015-03-29 13:08:51,927][INFO] Started looping call :MatchReplayCleaner
[2015-03-29 13:08:51,927][INFO] Started looping call :ReliableNotifications.Notifier
[2015-03-29 13:08:51,927][INFO] Started looping call :MarketPlaceRookieGenerator
[2015-03-29 13:08:51,927][INFO] Started looping call :RequestRunRookieProcessNow
[2015-03-29 13:08:51,927][INFO] Started looping call :ClientKeepAlive
[2015-03-29 13:08:51,928][INFO] Started looping call :PlayerHallOfFameComputer
[2015-03-29 13:08:51,928][INFO] Started looping call :GameServerUpdater
[2015-03-29 13:08:51,928][INFO] Started looping call :PredefinedTeamRefresher
[2015-03-29 13:08:51,928][INFO] Started looping call :RankingProcessInTread
[2015-03-29 13:08:51,928][INFO] Started looping call :GameProcess
[2015-03-29 13:08:51,930][INFO] Started looping call :AutomatchProcess
[2015-03-29 13:08:51,930][INFO] Server Started on port : 1337
[2015-03-29 13:08:51,930][INFO] DB Main Database Config : SQLLite DB - Path : C:/Users/Erik/Documents/BloodBowl2/Profiles/Elender/ManagementLocal/ManagementOnline_Beta.db
[2015-03-29 13:08:51,930][INFO] EmbeddedServerScheduler.RegisterService(Management) 
[2015-03-29 13:08:52,005][INFO] Starting Replay purge
[2015-03-29 13:08:52,005][INFO] Replays - Purging Match Records
[2015-03-29 13:08:52,006][INFO] Replays - Purging Match Records Replays
[2015-03-29 13:08:52,006][INFO] Cleaning Storage tables
[2015-03-29 13:08:52,006][INFO] Cleaning Replays Done
[2015-03-29 13:08:52,026][INFO] Starting Ladder Computation
[2015-03-29 13:08:52,026][INFO] Ladders computed in 0 msec
[2015-03-29 13:08:52,029][INFO] User : Elender (1505) has loggued
